device: cuda n_gpu: 4, distributed training: False, 16-bits training: False
***** Read Squad Examples *****
  Num Squad examples = 130319
  Num Squad examples with No Answer = 43498
Could not find answer: cold feet , vs. 'cold feet'
Could not find answer: blue boar inn vs. the blue boar
Could not find answer: world is not enough ( 1999 vs. the world is not enough
Could not find answer: clash and vs. the clash
Could not find answer: wolf of wall street breaks vs. the wolf of wall street
Could not find answer: south pacific " vs. 'south pacific'
Could not find answer: noises off is vs. 'noises off'
Could not find answer: man who shot liberty valance . a vs. the man who shot liberty valance
Could not find answer: african queen ” | vs. the african queen
Could not find answer: love me tender " vs. 'love me tender'
Could not find answer: j m coetzee vs. j.m. coetzee
Could not find answer: adventures of tintin " ; vs. the adventures of tintin
Could not find answer: clangers back vs. 'the clangers'
Could not find answer: much ado about nothing " vs. 'much ado about nothing'
Could not find answer: camelot legend vs. 'camelot'
Could not find answer: tabard inn in southwark vs. 'the tabard inn'
Could not find answer: midnight in paris ) vs. 'midnight in paris'
Could not find answer: luxor hotel vs. the luxor
Could not find answer: clockwork orange - vs. a clockwork orange
Could not find answer: joey wallaby vs. a joey
Could not find answer: bullet train is vs. the bullet train
Could not find answer: lion king . nature vs. 'the lion king'
Could not find answer: crucible theatre vs. the crucible
Could not find answer: coconut milk to vs. coconut (milk)
Could not find answer: carousel : vs. 'carousel'
Could not find answer: deliverance ” vs. 'deliverance'
Could not find answer: bentley boys of vs. the bentley boys
Could not find answer: hatters after vs. 'the hatters'
Could not find answer: tiger and vs. the tiger
Could not find answer: shark became vs. a shark
Could not find answer: singing postman was an vs. 'the singing postman'
Could not find answer: animals - biography vs. the animals
Could not find answer: dogface " vs. 'dogface'
Could not find answer: sheffield eagles to vs. sheffield (eagles)
Could not find answer: rainbows for vs. 'rainbows'
Could not find answer: dresser , which vs. the dresser
Could not find answer: burkina faso vs. burkina faso.
Could not find answer: valentina tereshkova : vs. (valentina) tereshkova
Could not find answer: goon show , featured vs. the goon show
Could not find answer: twilight zone . quotes vs. the twilight zone
Could not find answer: hook or vs. a hook
Could not find answer: hamlet practically vs. 'hamlet'
Could not find answer: grand ole opry . this vs. the grand ole opry
Could not find answer: war of roses site vs. war of the roses
Could not find answer: look vs. a
Could not find answer: bow he vs. a bow
Could not find answer: overlook hotel was vs. the overlook hotel
Could not find answer: flintstones and vs. the flintstones
Could not find answer: dead kennedys tribute vs. the dead kennedys
Could not find answer: white stripes artist vs. the white stripes
Could not find answer: house , a circular vs. the 'house'
Could not find answer: wye , you vs. the wye
Could not find answer: half crown - silveragecoins vs. the half crown
Could not find answer: cheese unveils vs. a cheese
Could not find answer: joker ' s vs. the joker
Could not find answer: willow ? vs. 'willow'
Could not find answer: gunpowder plot of vs. the gunpowder plot
Could not find answer: desperate housewives , vs. 'desperate housewives'
Could not find answer: gavel 7 vs. a gavel
Could not find answer: natasha richardson is vs. natasha (richardson)
Could not find answer: theodore roosevelt award vs. (theodore) roosevelt
Could not find answer: zombies , blunstone vs. the zombies
Could not find answer: rickshaw , the vs. the rickshaw
Could not find answer: rolling stones . it vs. the rolling stones
Could not find answer: jam . he vs. the jam
Could not find answer: palace of westminster is vs. the palace of westminster
Could not find answer: deer , was vs. the deer
Could not find answer: oscar wilde vs. oscar wilde.
Could not find answer: son of " , vs. son of ...
Could not find answer: dude " rules vs. the dude
Could not find answer: inbetweeners plan vs. the inbetweeners
Could not find answer: fred astaire and ginger rogers vs. fred astaire and ginger rogers.
Could not find answer: ancient mariner / samuel vs. the ancient mariner
Could not find answer: kuiper belt is vs. the kuiper belt
Could not find answer: mary celeste – exequy vs. the mary celeste
Could not find answer: flintstones bedrock vs. the flintstones
Could not find answer: banksy quotes vs. """banksy"""
Could not find answer: method vs. 't'
Could not find answer: admirable crichton : james vs. the admirable crichton
Could not find answer: octave , vs. an octave
Could not find answer: london eye and vs. the london eye
Could not find answer: secret garden : character vs. the secret garden
Could not find answer: structure of dna . vs. (structure of) dna
Could not find answer: night before christmas , when vs. the night before christmas
Could not find answer: hms conqueror vs. hms conqueror.
Could not find answer: iris , which vs. the iris
Could not find answer: mouth and vs. the mouth
Could not find answer: hard times " vs. 'hard times'
Could not find answer: sdp ) . vs. the sdp
Could not find answer: squab is vs. a squab
Could not find answer: clueless ( vs. 'clueless'
Could not find answer: help vs. help!
Could not find answer: passage to indiaby vs. a passage to india
Could not find answer: tolpuddle martyrs stated vs. the tolpuddle martyrs
Could not find answer: slow food movement . he vs. the slow food movement
Could not find answer: king the vs. the king
Could not find answer: top vs. a
Could not find answer: beach boys . after vs. the beach boys
Could not find answer: pan american games article vs. the pan-american games
Could not find answer: bourne identity ( 1980 vs. 'the bourne identity'
Could not find answer: sun king ' and vs. the sun king
Could not find answer: king and i , me vs. the king and i
Could not find answer: peak district national vs. the peak district
Could not find answer: neptune vs. neptune.
Could not find answer: why vs. a
Could not find answer: much ado about nothing it vs. 'much ado about nothing'
Could not find answer: sun at vs. the sun
Could not find answer: comedy of errors " “ i vs. 'the comedy of errors'
Could not find answer: anna pavlova | vs. (anna) pavlova
Could not find answer: bronx borough vs. the bronx
Could not find answer: getaway ( 1972 vs. the getaway
Could not find answer: joker was vs. the joker
Could not find answer: thomas beecham had vs. (thomas) beecham
Could not find answer: tomb in vs. a tomb
Could not find answer: ugly ( eli vs. the ugly
Could not find answer: ting tings from vs. the ting tings
Could not find answer: minor ) vs. a minor
Could not find answer: brigadoon [ vs. 'brigadoon'
Could not find answer: ides of march | the vs. the ides of march
Could not find answer: mrs danvers vs. mrs. danvers
Could not find answer: camelot lyrics vs. 'camelot'
Could not find answer: sparks . vs. 'sparks'
Could not find answer: horned vs. a horn
Could not find answer: road - vs. 'road'
Could not find answer: west wing ( 1999 vs. 'the west wing'
Could not find answer: corrs the vs. the corrs
Could not find answer: little mermaid ( ) vs. the little mermaid
Could not find answer: tempest " essay vs. the tempest
Could not find answer: green bay packers have vs. the green bay packers
Could not find answer: hard times summary vs. 'hard times'
Could not find answer: violin - snopes vs. the violin
Could not find answer: louvre gallery vs. the louvre
Could not find answer: little mermaid - under vs. 'the little mermaid'
Could not find answer: lord peter wimsey , vs. 'lord peter wimsey'
Could not find answer: fugitive ( 1963 vs. the fugitive
Could not find answer: x factor in vs. the x factor
Could not find answer: grease band . he vs. the grease band
Could not find answer: barber of seville ( theatre vs. the barber of seville
Could not find answer: sas and vs. the sas
Could not find answer: la traviata , vs. 'la traviata'
Could not find answer: coconut milk 9 vs. coconut (milk)
Could not find answer: locomotion is vs. the locomotion
Could not find answer: tiger who vs. a tiger
Could not find answer: wheel in vs. a wheel
Could not find answer: iko iko - occasion2b vs. """iko iko"""
Could not find answer: clangers and beyond vs. 'the clangers'
Could not find answer: profumo affair has vs. the profumo affair
Could not find answer: saturdays , signed vs. 'the saturdays'
Could not find answer: world wide web began vs. the world wide web
Could not find answer: moon , astronaut vs. the moon
Could not find answer: richard dawkins , vs. (richard) dawkins
Could not find answer: education , based vs. 'an education'
Could not find answer: antique pistol called vs. an antique pistol
Could not find answer: house " ) is vs. the 'house'
Could not find answer: peter falk and vs. (peter) falk
Could not find answer: harpo vs. harpo.
Could not find answer: little mermaid statue vs. the little mermaid
Could not find answer: birds ( 1963 vs. the birds
Could not find answer: robert fitzroy in vs. (robert) fitzroy
Could not find answer: meek : for vs. the meek
Could not find answer: magic flute ( german vs. 'the magic flute'
Could not find answer: peter principle , ” vs. the peter principle
Could not find answer: wallander on vs. 'wallander'
Could not find answer: crystal palace is vs. the crystal palace
Could not find answer: gherkin , or vs. the gherkin
Could not find answer: helicopter 1 vs. a helicopter
Could not find answer: eagle , the vs. the eagle
Could not find answer: cubits vs. a cubit
Could not find answer: skin , which vs. the skin
Could not find answer: beautiful south after vs. 'the beautiful south'
Could not find answer: caine mutiny , the vs. 'the caine mutiny'
Could not find answer: sherman act , july vs. the sherman act
Could not find answer: luvvers . in vs. the luvvers
Could not find answer: straight flush vs. a straight
Could not find answer: chair would vs. the chair
Could not find answer: clarence the vs. 'clarence'
Could not find answer: birds on vs. the birds
Could not find answer: king and i | i vs. the king and i
Could not find answer: devil ; sorcery vs. the devil
Could not find answer: pyramus and thisbe serves vs. 'pyramus and thisbe'
Could not find answer: clarence , vs. 'clarence'
Could not find answer: dandy was vs. the dandy
Could not find answer: fireman sam : vs. 'fireman sam'
Could not find answer: apocrypha , a vs. the apocrypha
Could not find answer: golden bear and vs. the golden bear
Could not find answer: kerrang vs. kerrang!
Could not find answer: sopranos : no vs. the sopranos
Could not find answer: bleak house : vs. 'bleak house'
Could not find answer: red arrows . abstract vs. the red arrows
Could not find answer: gnu " vs. a gnu
Could not find answer: pelican brief : watch vs. the pelican brief
Could not find answer: grapes of wrath . will vs. the grapes of wrath
Could not find answer: belgian revolution that vs. the belgian revolution
Could not find answer: late late show ' was vs. the late late show
Could not find answer: glimmer twins . history vs. the glimmer twins
Could not find answer: only way is essex was vs. the only way is essex
Could not find answer: pretty woman is vs. 'pretty woman'
Could not find answer: billie piper vs. billie piper,
Could not find answer: grenadines about vs. the grenadines
Could not find answer: boys " in vs. the boys
Could not find answer: apprentice music vs. the apprentice
Could not find answer: rivals . mrs vs. the rivals
Could not find answer: in vs. 'i'
Could not find answer: two towers ; the vs. the two towers
Could not find answer: archies / comic vs. the archies
Could not find answer: mysterious affair at styles in vs. the mysterious affair at styles
Could not find answer: minute waltz : a vs. the minute waltz
Could not find answer: sherry production vs. sherry .
Could not find answer: sting ( 1973 vs. the sting
Could not find answer: puzzles that vs. """puzzles"""
Could not find answer: italian job . this vs. the italian job
Could not find answer: as you like it is vs. 'as you like it'
Could not find answer: iris / pupil vs. the iris
Could not find answer: atomic bomb - vs. an atomic bomb
Could not find answer: capybara - sleep vs. the capybara
Could not find answer: heartbreakers were vs. the heartbreakers
Could not find answer: harket vs. a-ha
Could not find answer: rivals ( 1775 vs. the rivals
Could not find answer: walkmans | vs. the walkman
Could not find answer: mikado , or vs. the mikado
Could not find answer: lindbergh kidnapping the vs. the lindbergh kidnapping
Could not find answer: grateful dead ' s vs. the grateful dead
Could not find answer: touch of class best vs. a touch of class
Could not find answer: charles godfrey vs. 'charles'
Could not find answer: sea - wine vs. the sea
Could not find answer: real world should vs. the real world
Could not find answer: study in scarlet , vs. a study in scarlet
Could not find answer: apple cup : 3 vs. the apple cup
Could not find answer: planetarium instead vs. the planetarium
Could not find answer: albatross appears vs. an albatross
Could not find answer: hard times charles vs. 'hard times'
Could not find answer: great escape ( 1963 vs. the great escape
Could not find answer: robocop robocop vs. 'robocop'
Could not find answer: sun : alpha vs. the sun
Could not find answer: three musketeers : athos vs. the three musketeers
Could not find answer: test , itchen vs. the test
Could not find answer: mentalist , portrayed vs. the mentalist
Could not find answer: science fiction vs. science-fiction
Could not find answer: food glorious food vs. food, glorious food
Could not find answer: minch - youtube vs. the minch
Could not find answer: dirham ) definition vs. the dirham
Could not find answer: paraguay river vs. the paraguay
Could not find answer: sir john vanbrugh ( vs. (sir john) vanbrugh
Could not find answer: christmas carol by vs. a christmas carol
Could not find answer: hercule poirot and vs. 'hercule poirot'
Could not find answer: pride and prejudice ! vs. 'pride and prejudice'
Could not find answer: st petersburg vs. st. petersburg
Could not find answer: merry wives of windsor : entire vs. the merry wives of windsor
Could not find answer: willem alexander vs. willem-alexander
Could not find answer: bones and vs. the bones
Could not find answer: raven " ? vs. the raven
Could not find answer: moon . it vs. the moon
Could not find answer: daily herald , which vs. the daily herald
Could not find answer: bends , refers vs. the bends
Could not find answer: carl fogarty and vs. (carl) fogarty
Could not find answer: paralympic games . as vs. the paralympic games
Could not find answer: phantom ( 1936 vs. the phantom
Could not find answer: sheep the vs. a sheep
Could not find answer: reservoir ( vs. a reservoir
Could not find answer: bastille from vs. the bastille
Could not find answer: noises off ' vs. 'noises off'
Could not find answer: sting . composer vs. the sting
Could not find answer: our mutual friend summary vs. 'our mutual friend'
Could not find answer: princess bride dvd vs. the princess bride
Could not find answer: wicked on vs. 'wicked'
Could not find answer: george w bush vs. george w. bush
Could not find answer: first world war when vs. the first world war
Could not find answer: mastermind theme vs. 'mastermind'
Could not find answer: peach state " and vs. the peach state
Could not find answer: nasal septum . they vs. (the nasal) septum
Could not find answer: pigs vs. a pig
Could not find answer: sopranos . early vs. the sopranos
Could not find answer: milk . vs. 'milk'
Could not find answer: in vs. a
Could not find answer: sideways . vs. 'sideways'
Could not find answer: aerosmith | vs. 'aerosmith'
Could not find answer: luther will vs. 'luther'
Could not find answer: scaffold . it vs. the scaffold
Could not find answer: boys from syracuse | musical vs. the boys from syracuse
Could not find answer: shell as vs. a shell
Could not find answer: onions , vs. an onion
Could not find answer: jungle book by rudyard kipling since 1916 vs. """the jungle book"" by rudyard kipling"
Could not find answer: private eye vs. private eye.
Could not find answer: thora hird . vs. (thora) hird
Could not find answer: alto saxophone , vs. (alto) saxophone
Could not find answer: medina , at vs. the medina
Could not find answer: wuthering heights ' vs. 'wuthering heights'
Could not find answer: music man - youtube vs. the music man
Could not find answer: importance of being earnest : plot vs. the importance of being earnest
Could not find answer: as you like it summary vs. 'as you like it'
Could not find answer: vera itv vs. 'vera'
Could not find answer: epiphytes see vs. an epiphyte
Could not find answer: forbidden planet , and vs. 'the forbidden planet'
Could not find answer: robert bruce , the vs. robert the bruce
Could not find answer: xi ' vs. xi'an
Could not find answer: seven year itch ( 1955 vs. the seven year itch
Could not find answer: badgers vs. badger.
Could not find answer: chord is vs. a chord
Could not find answer: great dictator " ( vs. the great dictator
Could not find answer: daily mail online vs. the daily mail
Could not find answer: andrew volstead . vs. (andrew) volstead
Could not find answer: music man , the vs. the music man
Could not find answer: lamb - vs. a lamb
Could not find answer: our mutual friend essay vs. 'our mutual friend'
Could not find answer: mesozoic era covers vs. the mesozoic era
Could not find answer: grand hotel vs. the grand
Could not find answer: henry wadsworth longfellow wrote vs. (henry wadsworth) longfellow
Could not find answer: california gurls " , " vs. """california gurls"""
Could not find answer: enigma variations , the vs. the enigma variations
Could not find answer: dr pepper vs. dr. pepper
Could not find answer: suez canal links vs. the suez canal
Could not find answer: computer used vs. a computer
Could not find answer: aztecs and vs. the aztecs
Could not find answer: red baron ( manfred vs. the red baron
Could not find answer: garbo talks ! " , vs. """garbo talks"""
Could not find answer: merchant of venice , 1596 vs. the merchant of venice
Could not find answer: frog who vs. a frog
Could not find answer: snow patrol . vs. 'snow patrol'
Could not find answer: hamlet , vs. 'hamlet'
Could not find answer: henry viii faq vs. 'henry viii'
Could not find answer: french quarter tour vs. the french quarter
Could not find answer: kiwi facts vs. the kiwi
Could not find answer: w c fields : vs. w. c. fields
Could not find answer: maureen connolly height vs. (maureen) connolly
Could not find answer: european newspaper vs. the european
Could not find answer: devil wears prada meryl vs. the devil wears prada
Could not find answer: les miserables and vs. 'les miserables'
Could not find answer: alexandria quartet | work vs. 'the alexandria quartet'
Could not find answer: summer make vs. a summer
Could not find answer: pretenders one vs. the pretenders
Could not find answer: scaffold and grimms vs. 'the scaffold'
Could not find answer: clowns vs. a clown
Could not find answer: khyber pass khyber vs. the khyber pass
Could not find answer: open championship , is vs. the open championship
Could not find answer: pal joey by vs. 'pal joey'
Could not find answer: lipstick on your collar " vs. 'lipstick on your collar'
Could not find answer: crucible ( 1953 vs. the crucible
Could not find answer: ralph vaughan williams vs. ralph vaughan- williams
Could not find answer: two little boys , vs. 'two little boys'
Could not find answer: gap store vs. the gap
Could not find answer: people of france to vs. the people of france
Could not find answer: bentley boys " team vs. the bentley boys
Could not find answer: pajama game [ vhs vs. the pajama game
Could not find answer: wealthy ; their vs. the wealthy
Could not find answer: republic of kiribati , is vs. the republic of kiribati
Could not find answer: rum rebellion . early vs. the rum rebellion
Could not find answer: penguin , is vs. the penguin
Could not find answer: french forces vs. the french
Could not find answer: grapes of wrath : the vs. the grapes of wrath
Could not find answer: iron lady in 2012 vs. 'the iron lady'
Could not find answer: dardanelles strait vs. the dardanelles
Could not find answer: torah ( ; vs. the torah
Could not find answer: washington monument to vs. the washington monument
Could not find answer: monroe : vs. 'monroe'
Could not find answer: meek , be vs. the meek
Could not find answer: bill ( tv vs. the bill
Could not find answer: louvre . hommage vs. the louvre
Could not find answer: de havilland comet , vs. de havilland 'comet'
Could not find answer: sea of okhotsk from vs. the sea of okhotsk
Could not find answer: mr tumble vs. mr. tumble
Could not find answer: pan american games - the vs. the pan-american games
Could not find answer: shower of gold . vs. a shower of gold
Could not find answer: pepsi cola vs. pepsi-cola
Could not find answer: parrot handle vs. a parrot
Could not find answer: l p hartley ( vs. l. p. hartley
Could not find answer: seychelles seychelles vs. the seychelles
Could not find answer: pompidou centre , the vs. the pompidou centre
Could not find answer: flintstones on vs. the flintstones
Could not find answer: monkees ( davy vs. the monkees
Could not find answer: netherlands ; the vs. the netherlands
Could not find answer: all vs. .al
Could not find answer: berlin wall - vice vs. the berlin wall
Could not find answer: bifrost , vs. 'bifrost'
Could not find answer: st leger vs. st. leger
Could not find answer: pocahontas ( vs. 'pocahontas'
Could not find answer: black panther , has vs. the black panther
Could not find answer: alex higgins vs. -alex higgins
Could not find answer: ioc ) from vs. the ioc
Could not find answer: mikados . vs. the mikado
Could not find answer: shadows - youtube vs. the shadows
Could not find answer: king lathas vs. a king
Could not find answer: dalai lama advertisements vs. the dalai lama
Could not find answer: heinrich rudolf hertz was vs. (heinrich rudolf) hertz
Could not find answer: charlie brown christmas ( vs. a charlie brown christmas
Could not find answer: little mermaid ( 1989 vs. the little mermaid
Could not find answer: simpsons . the vs. the simpsons
Could not find answer: doctor who and vs. 'doctor who'
Could not find answer: despicable me 2 vs. despicable me 2)
Could not find answer: in god we trust ' ' as vs. """in god we trust"""
Could not find answer: crazy heart , vs. 'crazy heart'
Could not find answer: wizard vs. the wiz
Could not find answer: duke ’ s vs. the duke
Could not find answer: bible . while vs. the bible
Could not find answer: da vinci code . brown vs. the da vinci code
Could not find answer: duke of clarence . richards vs. the duke of clarence
Could not find answer: ram , is vs. the ram
Could not find answer: military chiefs vs. the military
Could not find answer: rimini vs. rimini.
Could not find answer: how vs. a
Could not find answer: large hadron collider ( lhc vs. the large hadron collider
Could not find answer: my own private idaho ( vs. 'my own private idaho'
Could not find answer: neck and vs. the neck
Could not find answer: top cat has vs. 'top cat'
Could not find answer: liability vs. the a.a.
Could not find answer: donkey kong . vs. 'donkey kong'
Could not find answer: pond , vs. 'pond'
Could not find answer: krays are vs. the krays
Could not find answer: gloomy sunday ( full vs. """gloomy sunday"""
Could not find answer: flash season vs. the flash
Could not find answer: knighthood vs. the knight
Could not find answer: mousetrap tickets vs. the mousetrap
Could not find answer: tempest : analysis vs. the tempest
Could not find answer: divine comedy ) , vs. the divine comedy
Could not find answer: study in scarlet , vs. a study in scarlet
Could not find answer: capybara ( hydrochoerus vs. the capybara
Could not find answer: keystone cops were vs. the keystone cops
Could not find answer: boat lift linear vs. a boat lift
Could not find answer: national theatre / denys vs. the national theatre
Could not find answer: south china sea . the vs. the south china sea
Could not find answer: pirates might vs. the pirates
Could not find answer: red shoes ( 1948 vs. the red shoes
Could not find answer: maltese falcon & exterior vs. the maltese falcon
Could not find answer: wright brothers first vs. the wright brothers
Could not find answer: nutcracker - the vs. the nutcracker
Could not find answer: some like it hot ( vs. 'some like it hot'
Could not find answer: scarsdale diet ’ doctor vs. the scarsdale diet
Could not find answer: julius and ethel rosenberg executed vs. (julius and ethel) rosenberg
Could not find answer: trotters ' home vs. the trotters
Could not find answer: mousetrap . in vs. the mousetrap
Could not find answer: hobbit , or vs. the hobbit
Could not find answer: grecian urn - vs. a grecian urn
Could not find answer: taff trail to vs. taff (trail)
Could not find answer: pedro alvares cabral ( vs. (pedro alvares) cabral
Could not find answer: arthur . vs. 'arthur'
Could not find answer: epic of gilgamesh epic vs. the epic of gilgamesh
Could not find answer: perfect storm reviews vs. the perfect storm
Could not find answer: sharps vs. a sharp
Could not find answer: shadows - let vs. the shadows
Could not find answer: nightmare on elm street 4 vs. a nightmare on elm street
Could not find answer: factory y me vs. the factory
Could not find answer: test tributary vs. the test
Could not find answer: durham vs. durham_
Could not find answer: gadget show - show vs. 'the gadget show'
Could not find answer: penguin - fans vs. the penguin
Could not find answer: antique pistol with vs. an antique pistol
Could not find answer: maltese falcon ( 1941 vs. the maltese falcon
Could not find answer: eurostar vs. eurostar.
Could not find answer: halls of montezuma ) . vs. the halls of montezuma
Could not find answer: frog beatrix vs. a frog
Could not find answer: ice age : vs. 'ice age'
Could not find answer: nightmare on elm street ( vs. a nightmare on elm street
Could not find answer: alex rider . vs. 'alex rider'
Could not find answer: pillars of hercules and vs. the pillars of hercules
Could not find answer: baltic sea vs. the baltic
Could not find answer: imitation game official vs. the imitation game
Could not find answer: simpsons , " vs. the simpsons
Could not find answer: 44 magnum vs. .44 magnum
Could not find answer: hard times hits vs. 'hard times'
Could not find answer: martin luther king jr vs. martin luther king, jr
Could not find answer: nidhoggr vs. 'nidhogg'
Could not find answer: little mermaid , composed vs. the little mermaid
Could not find answer: jewish people in vs. the jewish people
Could not find answer: simpsons . the vs. the simpsons
Could not find answer: talmud and vs. the talmud
Could not find answer: dukes of hazzard " good vs. the dukes of hazzard
Could not find answer: bertie wooster and vs. 'bertie wooster'
Could not find answer: prodigy . it vs. the prodigy
Could not find answer: winslow boy , ” vs. the winslow boy
Could not find answer: shadows , were vs. the shadows
Could not find answer: chitty chitty bang bang 1968 vs. 'chitty chitty bang bang'
Could not find answer: hawthorns is vs. the hawthorns
Could not find answer: new deal , involved vs. the new deal
Could not find answer: ear . it vs. the ear
Could not find answer: leo delibes . vs. (leo) delibes
Could not find answer: trainspotting " vs. 'trainspotting'
Could not find answer: study in scarlet ) vs. a study in scarlet
Could not find answer: night watch by vs. the night watch
Could not find answer: alex higgins vs. -alex higgins
Could not find answer: great escape ( 1963 vs. the great escape
Could not find answer: dawn , aurora vs. the dawn
Could not find answer: globelink news " vs. 'globelink news'
Could not find answer: producers ( 1967 vs. the producers
Could not find answer: addams family . in vs. the addams family
Could not find answer: kurt wallander series vs. (kurt) wallander
Could not find answer: thomas cup , sometimes vs. the thomas cup
Could not find answer: big bang theory generic vs. the big bang theory
Could not find answer: lindbergh kidnapping trial vs. the lindbergh kidnapping
Could not find answer: ambassadors ( jean vs. the ambassadors
Could not find answer: animals | biography vs. the animals
Could not find answer: bismarcks shells vs. the bismarck
Could not find answer: alex higgins vs. -alex higgins
Could not find answer: fugitive information vs. the fugitive
Could not find answer: martin chuzzlewit " vs. 'martin chuzzlewit'
Could not find answer: p diddy to vs. 'p diddy'
Could not find answer: white stripes , and vs. the white stripes
Could not find answer: fish called wanda ' vs. a fish called wanda
Could not find answer: red sea , just vs. the red sea
Could not find answer: vinnie the vs. 'vinnie'
Could not find answer: cheese rolling vs. a cheese
Could not find answer: united nations a few vs. the united nations
Could not find answer: matt dillon , vs. 'matt dillon'
Could not find answer: mah jong vs. mah-jong
Could not find answer: allman brothers band , released vs. the allman brothers band
Could not find answer: double vision vs. double-vision
Could not find answer: green goddess - named vs. the green goddess
Could not find answer: commonwealth of vs. the commonwealth
Could not find answer: today programme with vs. today (programme)
Could not find answer: true grit . vs. 'true grit'
Could not find answer: eagles co vs. the eagles
Could not find answer: ribble is vs. the ribble
Could not find answer: ed sullivan show is vs. the ed sullivan show
Could not find answer: turkey who vs. the turkey
Could not find answer: rebecca by vs. 'rebecca'
Could not find answer: sidecar , vs. a sidecar
Could not find answer: streetcar named vs. a streetcar
Could not find answer: romeo and juliet ) vs. 'romeo and juliet'
Could not find answer: apple | in vs. the apple
Could not find answer: smallville superman vs. 'smallville'
Could not find answer: noises off is vs. 'noises off'
Could not find answer: belt is vs. a belt
Could not find answer: taj mahal , india vs. the taj mahal
Could not find answer: talmud readers vs. the talmud
Could not find answer: oscar and lucinda . vs. 'oscar and lucinda'
Could not find answer: ozone layer ( a vs. the ozone layer
Could not find answer: george gilbert scott , vs. (george gilbert) scott
Could not find answer: scream ' painting vs. the scream
Could not find answer: book of mormon tickets vs. the book of mormon
Could not find answer: cotton club [ 1984 vs. the cotton club
Could not find answer: birds ( 1963 vs. the birds
Could not find answer: rocky horror picture show ’ 10 vs. the rocky horror picture show
Could not find answer: simpsons ( 1989 vs. the simpsons
Could not find answer: general lee . although vs. the general lee
Could not find answer: pope francis vs. the pope
Could not find answer: retractable roof to vs. a retractable roof
Could not find answer: spirit of ecstasy , ” vs. the spirit of ecstasy.
Could not find answer: searchers | british vs. the searchers
Could not find answer: rat pack film vs. the rat pack
Could not find answer: pajama game , written vs. the pajama game
Could not find answer: comedy of errors in vs. the comedy of errors
Could not find answer: only way is essex , in vs. the only way is essex
Could not find answer: artists , vs. the artist
Could not find answer: green woodpecker . readers vs. the green woodpecker
Could not find answer: igor stravinsky for vs. (igor) stravinsky
Could not find answer: turkey who vs. the turkey
Could not find answer: creation ( haydn vs. (the) creation
Could not find answer: turandot tickets vs. 'turandot'
Could not find answer: toll vs. a
Could not find answer: weir of hermiston " ( vs. the weir of hermiston
Could not find answer: wiz ' - vs. the wiz
Could not find answer: beautiful south after vs. 'the beautiful south'
Could not find answer: few good men ( 1992 vs. 'a few good men'
Could not find answer: rockaria vs. rockaria!
Could not find answer: marx brothers film vs. the marx brothers
Could not find answer: netherlands from vs. the netherlands
Could not find answer: apprentice — but vs. the apprentice
Could not find answer: six million dollar man - show vs. the six million dollar man
Could not find answer: nuclear power station calder vs. a nuclear power station
Could not find answer: lorax ' hopes vs. the lorax
Could not find answer: prisoner of zenda , set vs. the prisoner of zenda
Could not find answer: ides of march " . vs. the ides of march
Could not find answer: friday 13th : he vs. friday the 13th
Could not find answer: caine mutiny : context vs. 'the caine mutiny'
Could not find answer: dustin hoffman vs. dustin hoffman.
Could not find answer: pacemakers ( 1982 vs. the pacemakers
Could not find answer: mossad is vs. the mossad
Could not find answer: dukes of hazzard ) lyrics vs. the dukes of hazzard
Could not find answer: libertine - film4 vs. the libertine
Could not find answer: beatles . i vs. the beatles
Could not find answer: twilight zoned - vs. the twilight zone
Could not find answer: ak 47 vs. ak-47
Could not find answer: chronicles of narnia , which vs. the chronicles of narnia
Could not find answer: secret life of walter mitty ’ stars vs. the secret life of walter mitty
Could not find answer: saturdays " | articles vs. 'the saturdays'
Could not find answer: retinol vs. a
Could not find answer: philippines was vs. the philippines
Could not find answer: irish rover - the vs. 'the irish rover'
Could not find answer: commonwealth star vs. the commonwealth
Could not find answer: greatest show on earth® when vs. the greatest show on earth
Could not find answer: martin chuzzlewit by vs. 'martin chuzzlewit'
Could not find answer: military vs. 't'
Could not find answer: pepsi cola vs. pepsi-cola
Could not find answer: ear problem vs. the ear
Could not find answer: the vs. a
Could not find answer: symmetryae . the vs. """symmetry"""
Could not find answer: battle of bannockburn battle vs. the battle of bannockburn.
Could not find answer: nightmare on elm street ( vs. a nightmare on elm street
Could not find answer: cindy beale in vs. 'cindy beale'
Could not find answer: tracey ullman show , with vs. the tracey ullman show
Could not find answer: lion in winter ( 1968 vs. the lion in winter
Could not find answer: bee gees songfacts vs. the bee gees
Could not find answer: rite of spring ' incited vs. the rite of spring
Could not find answer: iceman because vs. the iceman
Could not find answer: barber of seville or vs. the barber of seville
Could not find answer: cheesegrater ' has vs. the cheesegrater
Could not find answer: panama canal : twenty vs. the panama canal
Could not find answer: deer hunter " , vs. the deer hunter
Could not find answer: leeds rhinos coach vs. leeds (rhinos)
Could not find answer: toby vs. toby.
Could not find answer: open championship ( a vs. the open championship
Could not find answer: carousel « vs. 'carousel'
Could not find answer: book of kells , which vs. the book of kells
Could not find answer: paul cummins to vs. (paul) cummins
Could not find answer: carousel ' vs. 'carousel'
Could not find answer: black prince , was vs. the black prince
Could not find answer: straits of bonifacio . vs. (straits of) bonifacio
Could not find answer: crucible broadway vs. the crucible
Could not find answer: team - houston vs. 'the a-team'
Could not find answer: sunday vs. the sun
Could not find answer: 20th vs. 20%
Could not find answer: chrysler building , new vs. the chrysler building
Could not find answer: right said fred | vs. 'right said fred'
Could not find answer: kumayri , vs. a: kumayri
Could not find answer: singing postman - rock vs. 'the singing postman'
Could not find answer: satanic verses , the vs. the satanic verses
Could not find answer: luck of barry lyndon : a vs. the luck of barry lyndon
Could not find answer: beautiful mind ' mathematician vs. 'a beautiful mind'
Could not find answer: twelve tables were vs. the twelve tables
Could not find answer: bee culture vs. a bee
Could not find answer: serpentine river vs. the serpentine
Could not find answer: merry wives of windsor : characters vs. the merry wives of windsor
Could not find answer: of mice and men < vs. 'of mice and men'
Could not find answer: district attorney ' s vs. the district attorney.
Could not find answer: english vs. 'i'
Could not find answer: bear grylls - vs. (bear) grylls
Could not find answer: prime ministers vs. prime-minister
Could not find answer: grinder ’ , vs. the grinder
Could not find answer: sea fever by vs. 'sea fever'
Could not find answer: microwave oven vs. the microwave
Could not find answer: white stripes smokestack vs. the white stripes
Could not find answer: grand hotel vs. the grand
Could not find answer: matrix 4 - vs. the matrix
Could not find answer: good companions characters vs. the good companions
Could not find answer: hollies a . vs. the hollies
Could not find answer: catch 22 vs. catch-22
Could not find answer: nautilus . its vs. the nautilus
Could not find answer: moody blues | udiscover vs. the moody blues
Could not find answer: suez canal ( ' vs. the suez canal
Could not find answer: last let vs. a last
Could not find answer: marx brothers ” has vs. the marx brothers
Could not find answer: volstead act . enforcement vs. the volstead act
Could not find answer: man booker prize in vs. the man booker prize
Could not find answer: royal exchange in vs. the royal exchange
Could not find answer: bluebell railway and vs. the bluebell railway
Could not find answer: pig betty vs. a pig
Could not find answer: lorax reviews vs. the lorax
Could not find answer: manx shearwater vs. manx shearwater.
Could not find answer: carmen by vs. 'carmen'
Could not find answer: boo radleys , a vs. the boo radleys
Could not find answer: brain . many vs. the brain
Could not find answer: duke of wellington - abebooks vs. the duke of wellington
Could not find answer: snoopy vs. snoopy.
Could not find answer: hertz is vs. the hertz
Could not find answer: vandellas - listen vs. the vandellas
Could not find answer: tosca tosca vs. 'tosca'
Could not find answer: sun is vs. the sun
Could not find answer: solent and vs. the solent
Could not find answer: iain duncan smith vs. iain duncan-smith
Could not find answer: moon , you vs. the moon
Could not find answer: spooks used vs. 'spooks'
Could not find answer: liam neeson taken vs. (liam) neeson
Could not find answer: picture of dorian gray by vs. the picture of dorian gray
Could not find answer: outside its vs. the outside
Could not find answer: alexander graham bell and vs. (alexander graham) bell
Could not find answer: look vs. a
Could not find answer: hall , and vs. the hall
Could not find answer: beta carotene vs. beta-carotene
Could not find answer: pantheon . agrippa vs. the pantheon
Could not find answer: wolf of wall street ' sets vs. the wolf of wall street
Could not find answer: sunda strait between vs. the sunda strait
Could not find answer: toronto blue jays , victors vs. the toronto blue jays
Could not find answer: murray river vs. the murray
Could not find answer: x factor 2015 vs. the x factor
Could not find answer: hecuba + vs. 'hecuba'
Could not find answer: scarsdale diet doctor vs. the scarsdale diet
Could not find answer: egg in vs. an egg
Could not find answer: mouth and vs. the mouth
Could not find answer: john milton one vs. (john) milton
Could not find answer: bastille ; always vs. the bastille
Could not find answer: white hart - this vs. the white hart
Answer beyond bounds of context string: ''PEPPERMINT PATTY'' vs. '3615'
Could not find answer: british bechuanaland ( vs. (british) bechuanaland
Could not find answer: king and i - theatre vs. the king and i
Could not find answer: fat duck restaurant vs. the fat duck
Could not find answer: roller coasters vs. roller-coasters
Could not find answer: crisp , vs. 'crisp'
Could not find answer: producers the producers vs. 'the producers'
Could not find answer: grand ole opry house vs. the grand ole opry
Could not find answer: wolf of wall street & how vs. the wolf of wall street
Could not find answer: untouchables . " vs. the untouchables
Could not find answer: big easy . it vs. the big easy
Could not find answer: lira , itl vs. the lira
Could not find answer: continental " , vs. the continental
Could not find answer: tree that vs. a tree
Could not find answer: lightning seeds and vs. the lightning seeds
Could not find answer: moons , vs. the moon
Could not find answer: cuban missile crisis was vs. the cuban missile crisis
Could not find answer: wyre is vs. the wyre
Could not find answer: searchers credit vs. 'the searchers'
Could not find answer: man who knew too much / vertigo vs. the man who knew too much
Could not find answer: kwacha exchange vs. the kwacha
Could not find answer: black pig , ably vs. the black pig
Could not find answer: maltese falcon , 1941 vs. the maltese falcon
Could not find answer: bibliography vs. ib.
Could not find answer: black death , the vs. the black death
Could not find answer: rocky horror show ( london vs. the rocky horror show
Could not find answer: neptune vs. neptune.
Could not find answer: desmond tutu . vs. (desmond) tutu
Could not find answer: dogs are vs. the dog
Could not find answer: windows vs. a window
Could not find answer: martin luther king jr - vs. martin luther king, jr.
Could not find answer: quetzales ( vs. the quetzal
Could not find answer: george blake : vs. (george) blake
Could not find answer: archbishop of canterbury - prior vs. the archbishop of canterbury
Could not find answer: manx shearwater vs. manx shearwater.
Could not find answer: cinderella the vs. 'cinderella'
Could not find answer: full monty . quite vs. the full monty
Could not find answer: mugwumps ? vs. 'mugwumps'
Could not find answer: ponderosa ( usually vs. the ponderosa
Could not find answer: sunday vs. the sun
Could not find answer: bugs moran had vs. 'bugs' moran
Could not find answer: shaft ( vs. 'shaft'
Could not find answer: mantle , a vs. the mantle
Could not find answer: motorcycle diaries ( ) vs. the motorcycle diaries
Could not find answer: farewell to arms is vs. a farewell to arms
Could not find answer: much ado about nothing the vs. 'much ado about nothing'
Could not find answer: bucket list . whether vs. the bucket list
Could not find answer: third man is vs. the third man
Could not find answer: wife of bath and vs. the wife of bath
Could not find answer: black sea . its vs. the black sea
Could not find answer: elia in vs. 'elia'
Could not find answer: michelin man , returns vs. the michelin man
Could not find answer: black panther has vs. the black panther
Could not find answer: essay on criticism - vs. an essay on criticism
Could not find answer: howl " vs. 'howl'
Could not find answer: brain . when vs. the brain
Could not find answer: butterfly in vs. a butterfly
Could not find answer: highboy consists vs. 'highboy'
Could not find answer: eagles , dead vs. the eagles
Could not find answer: star fruit ( carambola vs. the star fruit
Could not find answer: archer the vs. the archer
Could not find answer: sikh religion — members vs. the sikh religion
Could not find answer: shaanxi on vs. xi'an
Could not find answer: shootist ( 1976 vs. the shootist
Could not find answer: bee gees , released vs. the bee gees
Could not find answer: tempest ( c vs. the tempest
Could not find answer: ac milan soccer vs. a.c. milan
Could not find answer: mona lisa . after vs. the mona lisa
Could not find answer: national theatre munich vs. national theatre, munich
Could not find answer: who are vs. the who
Could not find answer: late late show presenter vs. the late late show
Could not find answer: moulin rouge vs. moulin rouge!
Could not find answer: jewish vs. a jew
Could not find answer: hedgehog washerwoman vs. a hedgehog
Could not find answer: bismarck in vs. the bismarck
Could not find answer: hague , capital vs. the hague
Could not find answer: carousel is vs. 'carousel'
Could not find answer: cul de sac vs. cul-de-sac
Could not find answer: wizard of id : wikis vs. the wizard of id
Could not find answer: sherlock complete vs. 'sherlock'
Could not find answer: letters , the vs. the letter a
Could not find answer: twist / viewpure vs. the twist
Could not find answer: proms favourites vs. the proms
Could not find answer: bay city rollers , the vs. the bay city rollers
Could not find answer: hanging gardens of babylon long vs. the hanging gardens of babylon
Could not find answer: carpathia , who vs. the carpathia
Could not find answer: beautiful south after vs. 'the beautiful south'
Could not find answer: badgers vs. badger.
Could not find answer: alchemist , jonson vs. the alchemist
Could not find answer: iron chancellor ” otto vs. the iron chancellor
Could not find answer: london eye | culture vs. the london eye
Could not find answer: crucible theatre snooker vs. the crucible theatre
Could not find answer: things " vs. the thing
Could not find answer: scotch corner ( vs. 'scotch corner'
Could not find answer: commodores , lionel vs. the commodores
Could not find answer: les vs. a
Could not find answer: vapors - new vs. the vapors
Could not find answer: decepticons and vs. the decepticons
Could not find answer: avengers , secret vs. the avengers
Could not find answer: stewardesses , ” “ vs. """stewardesses"""
Could not find answer: sherlock holmes : vs. 'sherlock holmes'
Could not find answer: brave new world powerpoint vs. 'brave new world'
Could not find answer: ioc president vs. the ioc
Could not find answer: druids vs. a druid
Could not find answer: thurston howell iii vs. thurston howell, iii
Could not find answer: office and stereophonics vs. 'the office'
Could not find answer: music festival that vs. a music festival
Could not find answer: french open , before vs. the french open
Could not find answer: bar after vs. the bar
Could not find answer: monkees ' i vs. the monkees
Could not find answer: autobahn - popular vs. the autobahn
Could not find answer: grapes of wrath : the vs. the grapes of wrath
Could not find answer: lone ranger ( starring vs. the lone ranger
Could not find answer: mr tumble vs. mr. tumble
Could not find answer: contract - vs. a contract
Could not find answer: bit that vs. the bit
Could not find answer: donkey is vs. a donkey
Could not find answer: definitely maybe " vs. 'definitely maybe'
Could not find answer: enforcer , in vs. the enforcer
Could not find answer: daily planet - bbc vs. the daily planet
Could not find answer: lady vanishes ( 1938 vs. the lady vanishes
Could not find answer: x factor vs. x-factor
Could not find answer: morgan motor company : definition vs. the morgan motor company
Could not find answer: billion hours vs. a billion
Could not find answer: new day a false vs. the new day
Could not find answer: tirpitz were vs. 'tirpitz'
Could not find answer: norm peterson vs. 'norm'
Could not find answer: adam smith from vs. (adam) smith
Could not find answer: there will be blood , vs. 'there will be blood'
Could not find answer: red baron : manfred vs. the red baron
Could not find answer: red badge of courage ( 1895 vs. the red badge of courage
Could not find answer: catalyst is vs. a catalyst
Could not find answer: lion had vs. a lion
Could not find answer: woolpack . in vs. the woolpack
Could not find answer: great dictator - the vs. the great dictator
Could not find answer: martin luther king jr . vs. martin luther king, jr.
Could not find answer: time machine ” with vs. the time machine
Could not find answer: lady gaga from vs. 'lady gaga'
Could not find answer: netherlands , which vs. the netherlands
Could not find answer: gypsy [ vs. 'gypsy'
Could not find answer: boston tea party facts vs. the boston tea party
Could not find answer: mr garrison wants vs. 'mr. garrison'
Could not find answer: dude , talks vs. the dude
Could not find answer: merseybeats , the vs. the merseybeats
Could not find answer: colt 45 vs. colt .45
Could not find answer: tooting popular front ( vs. tooting (popular front)
Could not find answer: heart ; called vs. the heart
Could not find answer: daily mail since vs. the daily mail
Could not find answer: wyre on vs. the wyre
Could not find answer: french revolution - video vs. the french revolution
Could not find answer: black pig , ably vs. the black pig
Could not find answer: earl of beaconsfield , vs. (earl of) beaconsfield
Could not find answer: crimean war ” , vs. the crimean war
Could not find answer: herb since vs. a herb
Could not find answer: ten commandments . in vs. the ten commandments
Could not find answer: st leger vs. st. leger
Could not find answer: antelope ? vs. an antelope
Could not find answer: black death timeline vs. the black death
Could not find answer: great gatsby the vs. the great gatsby
Could not find answer: orbit earth — were vs. orbit the earth
Could not find answer: shields vs. a shield
Could not find answer: spider guide vs. a spider
Could not find answer: tex tucker . vs. 'tex tucker'
Could not find answer: iranian embassy siege vs. the iranian embassy
Could not find answer: only way is essex ( often vs. the only way is essex
Could not find answer: sedition act of vs. the sedition act
Could not find answer: beautiful south performance vs. the beautiful south
Could not find answer: friedrich nietzsche original vs. (friedrich) nietzsche
Could not find answer: monroe doctrine extended vs. the monroe doctrine
Could not find answer: madness & vs. 'madness'
Could not find answer: daily bugle . peter vs. the daily bugle
Could not find answer: king lathas vs. a king
Could not find answer: tale of two cities " vs. a tale of two cities
Could not find answer: pope ' s vs. the pope
Could not find answer: shetland islands , historic vs. the shetland islands
Could not find answer: car from vs. a car
Could not find answer: g i joe vs. g.i. joe
Could not find answer: tales of hoffmann , vs. the tales of hoffman
Could not find answer: mockingbird , mississippi vs. the mockingbird
Could not find answer: northwest territories yellowknife vs. the northwest territories
Could not find answer: saturdays fansite vs. 'the saturdays'
Could not find answer: silver ghost which vs. the silver ghost
Could not find answer: battle of bannockburn - 1314 vs. the battle of bannockburn.
Could not find answer: price is right , an vs. the price is right
Could not find answer: battle of algiers , 1966 vs. the battle of algiers
Could not find answer: shining ( novel vs. 'the shining'
Could not find answer: 2001 space odyssey . vs. 2001: a space odyssey
Could not find answer: smiths album vs. the smiths
Could not find answer: camden town group in vs. the camden town group
Could not find answer: rocky mountains . the vs. the rocky mountains
Could not find answer: wham vs. wham!
Could not find answer: knowing me knowing you vs. knowing me, knowing you
Could not find answer: elia ’ vs. 'elia'
Could not find answer: virginian 2012 vs. the virginian
Could not find answer: doctor who since vs. 'doctor who'
Could not find answer: games ( 2004 vs. the games
Could not find answer: handkerchief ( vs. a handkerchief
Could not find answer: yucca filamentosa vs. the yucca
Could not find answer: flower drum song ( score vs. the flower drum song
Could not find answer: liver become vs. the liver
Could not find answer: queen mother , in vs. the queen mother
Could not find answer: untouchables ( 1987 vs. the untouchables
Could not find answer: european union - maastricht vs. the european union
Could not find answer: mary celeste » theunexplained vs. the mary celeste
Could not find answer: winds in vs. the winds
Could not find answer: robert langdon : vs. 'robert langdon'
