device: cpu n_gpu: 0, distributed training: False, 16-bits training: False
Could not find answer: 'Isosceles and Scalene' vs. 'Isosceles triangle'
Could not find answer: 'iceberg' vs. 'Lettuce'
Could not find answer: 'House of Lords' vs. 'House of LORDS'
Could not find answer: 'Big Mac' vs. 'RAY CROC'
Could not find answer: 'eyeballs' vs. 'Eye'
Could not find answer: 'peach' vs. 'PEACH'
Could not find answer: 'rennet' vs. 'Rennet.'
Could not find answer: 'Arturo Toscanini' vs. 'ARTURO TOSCANINI'
Could not find answer: 'end of' vs. 'The end'
Could not find answer: 'train .' vs. 'A Train'
Could not find answer: 'Margaret Mitchell' vs. 'MARGARET MITCHELL'
Could not find answer: 'God Bless America' vs. 'God Bless AMERICA.'
Could not find answer: 'Jets Bernardo' vs. 'The Jets'
Could not find answer: 'Great Dane' vs. 'GREAT DANE'
Could not find answer: 'fruit' vs. 'Fruit'
Could not find answer: 'football' vs. 'Football'
Could not find answer: 'Albert Einstein' vs. 'ALBERT EINSTEIN'
Could not find answer: 'Antoine Laurent' vs. 'LAVOISIER'
Could not find answer: 'whey' vs. 'Whey'
Could not find answer: 'Streetcar Named Desire .' vs. 'A STREETCAR NAMED DESIRE'
Could not find answer: 'Salvador Allende' vs. 'SALVADOR ALLENDE'
Could not find answer: 'Travel Sickness' vs. 'TRAVEL SICKNESS'
